<?xml version="1.0" encoding="UTF-8"?>
<!-- Generated by org.testng.reporters.JUnitReportReporter -->
<testsuite skipped="0" hostname="TYC1121719" name="computers.SampleTestCase" tests="1" failures="0" timestamp="2022-03-02T10:25:49 IST" time="6.310" errors="0">
  <testcase name="sample" time="6.310" classname="computers.SampleTestCase"/>
  <system-out/>
</testsuite> <!-- computers.SampleTestCase -->
