<?xml version="1.0" encoding="UTF-8"?>
<!-- Generated by org.testng.reporters.JUnitReportReporter -->
<testsuite skipped="0" hostname="TYC1121719" name="computers.TC_021" tests="1" failures="0" timestamp="2022-03-02T18:32:29 IST" time="12.111" errors="0">
  <testcase name="AddingDesktopItemTocart" time="12.111" classname="computers.TC_021"/>
  <system-out>
Login Page is displayed Computers page is displayed Desktops page is displayed Product is added to cart Logout Successfull  </system-out>
</testsuite> <!-- computers.TC_021 -->
