<?xml version="1.0" encoding="UTF-8"?>
<!-- Generated by org.testng.reporters.JUnitReportReporter -->
<testsuite skipped="0" hostname="TYC1121719" name="computers.TC_023" tests="1" failures="0" timestamp="2022-03-02T16:23:32 IST" time="7.960" errors="0">
  <testcase name="AddingAccessoriesItemTocart" time="7.960" classname="computers.TC_023"/>
  <system-out/>
</testsuite> <!-- computers.TC_023 -->
