<?xml version="1.0" encoding="UTF-8"?>
<!-- Generated by org.testng.reporters.JUnitReportReporter -->
<testsuite skipped="0" hostname="TYC1121719" name="computers.TC_22" tests="1" failures="0" timestamp="2022-03-02T15:48:19 IST" time="7.705" errors="0">
  <testcase name="AddingDesktopItemTocart" time="7.705" classname="computers.TC_22"/>
  <system-out/>
</testsuite> <!-- computers.TC_22 -->
